<?xml version="1.0" encoding="UTF-8"?>
<!-- Generated by org.testng.reporters.JUnitXMLReporter -->
<testsuite hostname="WorldBrand-PC" ignored="0" name="Test2" tests="1" failures="1" timestamp="2021-06-20T21:24:28 IST" time="5.102" errors="0">
  <testcase name="upload" time="5.084" classname="com.digitalpay.testCases.TC_PatchUpload_002">
    <failure type="java.lang.NullPointerException">
      <![CDATA[java.lang.NullPointerException
at org.openqa.selenium.support.pagefactory.DefaultElementLocator.findElement(DefaultElementLocator.java:69)
at org.openqa.selenium.support.pagefactory.internal.LocatingElementHandler.invoke(LocatingElementHandler.java:38)
at com.sun.proxy.$Proxy8.sendKeys(Unknown Source)
at com.digitalpay.pageObjects.LoginPage.setUserName(LoginPage.java:33)
at com.digitalpay.testCases.TC_PatchUpload_002.upload(TC_PatchUpload_002.java:24)
at java.util.ArrayList.forEach(Unknown Source)
... Removed 27 stack frames]]>
    </failure>
  </testcase> <!-- upload -->
</testsuite> <!-- Test2 -->
