<?xml version="1.0" encoding="UTF-8"?>
<!-- Generated by org.testng.reporters.JUnitXMLReporter -->
<testsuite hostname="WorldBrand-PC" ignored="0" name="Test5" tests="2" failures="1" timestamp="2021-06-18T01:24:19 IST" time="23.139" errors="0">
  <testcase name="upload" time="0.085" classname="com.digitalpay.testCases.TC_PatchUpload_002">
    <failure type="java.lang.NullPointerException">
      <![CDATA[java.lang.NullPointerException
at org.openqa.selenium.support.pagefactory.DefaultElementLocator.findElement(DefaultElementLocator.java:69)
at org.openqa.selenium.support.pagefactory.internal.LocatingElementHandler.invoke(LocatingElementHandler.java:38)
at com.sun.proxy.$Proxy9.click(Unknown Source)
at com.digitalpay.pageObjects.PatchUpload.Tmstab(PatchUpload.java:32)
at com.digitalpay.testCases.TC_PatchUpload_002.upload(TC_PatchUpload_002.java:21)
at java.util.concurrent.ThreadPoolExecutor.runWorker(Unknown Source)
at java.util.concurrent.ThreadPoolExecutor$Worker.run(Unknown Source)
at java.lang.Thread.run(Unknown Source)
... Removed 12 stack frames]]>
    </failure>
  </testcase> <!-- upload -->
  <testcase name="login" time="13.743" classname="com.digitalpay.testCases.TC_LoginTest_001"/>
</testsuite> <!-- Test5 -->
